<?xml version="1.0" encoding="UTF-8"?>
<testsuite xmlns:xsi="http://www.w3.org/2001/XMLSchema-instance" xsi:noNamespaceSchemaLocation="https://maven.apache.org/surefire/maven-surefire-plugin/xsd/surefire-test-report.xsd" name="com.appdetex.controller.AccountControllerTest" time="0.131" tests="5" errors="0" skipped="4" failures="0">
  <properties>
[...]
</properties>
  <testcase name="deleteAccount" classname="com.appdetex.controller.AccountControllerTest" time="0">
    <skipped message="Not implemented yet"/>
    <system-out><![CDATA[2023-01-04 17:36:40.117  INFO 24887 --- [           main] o.s.t.c.support.AbstractContextLoader    : Could not detect default resource locations for test class [com.appdetex.controller.AccountControllerTest]: no resource found for suffixes {-context.xml, Context.groovy}.
2023-01-04 17:36:40.128  INFO 24887 --- [           main] .b.t.a.w.s.WebMvcTestContextBootstrapper : Loaded default TestExecutionListener class names from location [META-INF/spring.factories]: [org.springframework.boot.test.mock.mockito.MockitoTestExecutionListener, org.springframework.boot.test.mock.mockito.ResetMocksTestExecutionListener, org.springframework.boot.test.autoconfigure.restdocs.RestDocsTestExecutionListener, org.springframework.boot.test.autoconfigure.web.client.MockRestServiceServerResetTestExecutionListener, org.springframework.boot.test.autoconfigure.web.servlet.MockMvcPrintOnlyOnFailureTestExecutionListener, org.springframework.boot.test.autoconfigure.web.servlet.WebDriverTestExecutionListener, org.springframework.boot.test.autoconfigure.webservices.client.MockWebServiceServerTestExecutionListener, org.springframework.test.context.web.ServletTestExecutionListener, org.springframework.test.context.support.DirtiesContextBeforeModesTestExecutionListener, org.springframework.test.context.event.ApplicationEventsTestExecutionListener, org.springframework.test.context.support.DependencyInjectionTestExecutionListener, org.springframework.test.context.support.DirtiesContextTestExecutionListener, org.springframework.test.context.transaction.TransactionalTestExecutionListener, org.springframework.test.context.jdbc.SqlScriptsTestExecutionListener, org.springframework.test.context.event.EventPublishingTestExecutionListener]
2023-01-04 17:36:40.129  INFO 24887 --- [           main] .b.t.a.w.s.WebMvcTestContextBootstrapper : Using TestExecutionListeners: [org.springframework.test.context.web.ServletTestExecutionListener@1755aee6, org.springframework.test.context.support.DirtiesContextBeforeModesTestExecutionListener@582b14e2, org.springframework.test.context.event.ApplicationEventsTestExecutionListener@10e4ce98, org.springframework.boot.test.mock.mockito.MockitoTestExecutionListener@10466c55, org.springframework.boot.test.autoconfigure.SpringBootDependencyInjectionTestExecutionListener@2a5ed225, org.springframework.test.context.support.DirtiesContextTestExecutionListener@2a525f88, org.springframework.test.context.transaction.TransactionalTestExecutionListener@1cf4d454, org.springframework.test.context.jdbc.SqlScriptsTestExecutionListener@3ff3275b, org.springframework.test.context.event.EventPublishingTestExecutionListener@63e0057a, org.springframework.boot.test.mock.mockito.ResetMocksTestExecutionListener@5b76b891, org.springframework.boot.test.autoconfigure.restdocs.RestDocsTestExecutionListener@611a91df, org.springframework.boot.test.autoconfigure.web.client.MockRestServiceServerResetTestExecutionListener@47f5ab58, org.springframework.boot.test.autoconfigure.web.servlet.MockMvcPrintOnlyOnFailureTestExecutionListener@245dbd09, org.springframework.boot.test.autoconfigure.web.servlet.WebDriverTestExecutionListener@4a013b23, org.springframework.boot.test.autoconfigure.webservices.client.MockWebServiceServerTestExecutionListener@7f20dfd5]

  .   ____          _            __ _ _
 /\\ / ___'_ __ _ _(_)_ __  __ _ \ \ \ \
( ( )\___ | '_ | '_| | '_ \/ _` | \ \ \ \
 \\/  ___)| |_)| | | | | || (_| |  ) ) ) )
  '  |____| .__|_| |_|_| |_\__, | / / / /
 =========|_|==============|___/=/_/_/_/
 :: Spring Boot ::                (v2.7.5)

2023-01-04 17:36:40.142  INFO 24887 --- [           main] c.a.controller.AccountControllerTest     : Starting AccountControllerTest using Java 19.0.1 on pedrotemtem.local with PID 24887 (started by pedro.temtem in /Users/pedro.temtem/Documents/rest-server/rest-server)
2023-01-04 17:36:40.142  INFO 24887 --- [           main] c.a.controller.AccountControllerTest     : No active profile set, falling back to 1 default profile: "default"
2023-01-04 17:36:40.273  INFO 24887 --- [           main] o.s.b.t.m.w.SpringBootMockServletContext : Initializing Spring TestDispatcherServlet ''
2023-01-04 17:36:40.273  INFO 24887 --- [           main] o.s.t.web.servlet.TestDispatcherServlet  : Initializing Servlet ''
2023-01-04 17:36:40.274  INFO 24887 --- [           main] o.s.t.web.servlet.TestDispatcherServlet  : Completed initialization in 0 ms
2023-01-04 17:36:40.278  INFO 24887 --- [           main] c.a.controller.AccountControllerTest     : Started AccountControllerTest in 0.147 seconds (JVM running for 9.237)
]]></system-out>
  </testcase>
  <testcase name="getAccountNameByDetectionId" classname="com.appdetex.controller.AccountControllerTest" time="0">
    <skipped message="Not implemented yet"/>
  </testcase>
  <testcase name="getAccountName" classname="com.appdetex.controller.AccountControllerTest" time="0">
    <skipped message="Not implemented yet"/>
  </testcase>
  <testcase name="createAccount" classname="com.appdetex.controller.AccountControllerTest" time="0">
    <skipped message="Not implemented yet"/>
  </testcase>
  <testcase name="getAllAccounts" classname="com.appdetex.controller.AccountControllerTest" time="0.005"/>
</testsuite>